{
  "Cucumber Features": {
    "coverage": {
      "/Users/liaoruoxing/Documents/GitHub/COMPS-W4152-Fall2023/dinnect/app/models/user.rb": {
        "lines": [
          1,
          1,
          null,
          1,
          1,
          null
        ]
      },
      "/Users/liaoruoxing/Documents/GitHub/COMPS-W4152-Fall2023/dinnect/app/models/application_record.rb": {
        "lines": [
          null,
          1,
          1,
          null
        ]
      },
      "/Users/liaoruoxing/Documents/GitHub/COMPS-W4152-Fall2023/dinnect/app/controllers/users_controller.rb": {
        "lines": [
          1,
          1,
          11,
          null,
          null,
          1,
          11,
          11,
          null,
          8,
          null,
          3,
          null,
          null,
          null,
          1,
          5,
          null,
          null,
          null,
          1,
          null,
          null,
          1,
          11,
          null,
          null
        ]
      },
      "/Users/liaoruoxing/Documents/GitHub/COMPS-W4152-Fall2023/dinnect/app/controllers/application_controller.rb": {
        "lines": [
          1,
          null,
          null,
          1,
          null
        ]
      },
      "/Users/liaoruoxing/Documents/GitHub/COMPS-W4152-Fall2023/dinnect/app/helpers/application_helper.rb": {
        "lines": [
          1,
          null
        ]
      },
      "/Users/liaoruoxing/Documents/GitHub/COMPS-W4152-Fall2023/dinnect/app/helpers/sessions_helper.rb": {
        "lines": [
          null,
          null,
          1,
          null,
          1,
          0,
          null,
          null,
          1,
          44,
          null,
          null,
          null,
          1,
          0,
          null,
          null
        ]
      },
      "/Users/liaoruoxing/Documents/GitHub/COMPS-W4152-Fall2023/dinnect/app/helpers/users_helper.rb": {
        "lines": [
          1,
          null
        ]
      },
      "/Users/liaoruoxing/Documents/GitHub/COMPS-W4152-Fall2023/dinnect/app/controllers/sessions_controller.rb": {
        "lines": [
          null,
          null,
          1,
          1,
          null,
          null,
          null,
          1,
          8,
          null,
          null,
          8,
          5,
          5,
          null,
          3,
          3,
          null,
          null,
          null,
          1,
          null,
          1,
          1,
          null,
          null,
          1,
          null,
          null,
          1,
          5,
          null,
          null,
          null,
          1,
          0,
          0,
          null,
          null
        ]
      }
    },
    "timestamp": 1698808866
  },
  "RSpec": {
    "coverage": {
      "/Users/liaoruoxing/Documents/GitHub/COMPS-W4152-Fall2023/dinnect/app/helpers/application_helper.rb": {
        "lines": [
          1,
          null
        ]
      },
      "/Users/liaoruoxing/Documents/GitHub/COMPS-W4152-Fall2023/dinnect/app/helpers/sessions_helper.rb": {
        "lines": [
          null,
          null,
          1,
          null,
          1,
          3,
          null,
          null,
          1,
          4,
          null,
          null,
          null,
          1,
          2,
          null,
          null
        ]
      },
      "/Users/liaoruoxing/Documents/GitHub/COMPS-W4152-Fall2023/dinnect/app/helpers/users_helper.rb": {
        "lines": [
          1,
          null
        ]
      },
      "/Users/liaoruoxing/Documents/GitHub/COMPS-W4152-Fall2023/dinnect/app/models/user.rb": {
        "lines": [
          1,
          1,
          null,
          1,
          1,
          null
        ]
      },
      "/Users/liaoruoxing/Documents/GitHub/COMPS-W4152-Fall2023/dinnect/app/models/application_record.rb": {
        "lines": [
          null,
          1,
          1,
          null
        ]
      },
      "/Users/liaoruoxing/Documents/GitHub/COMPS-W4152-Fall2023/dinnect/app/controllers/application_controller.rb": {
        "lines": [
          0,
          null,
          null,
          0,
          0
        ],
        "branches": {
        }
      },
      "/Users/liaoruoxing/Documents/GitHub/COMPS-W4152-Fall2023/dinnect/app/controllers/sessions_controller.rb": {
        "lines": [
          null,
          null,
          0,
          0,
          null,
          0,
          null,
          0,
          0,
          0,
          null,
          0,
          0,
          0,
          0,
          0,
          0,
          0,
          0,
          null,
          0,
          null,
          0,
          0,
          0,
          null,
          0,
          null,
          null,
          0,
          0,
          0,
          null,
          null,
          0,
          0,
          0,
          0,
          0
        ],
        "branches": {
        }
      },
      "/Users/liaoruoxing/Documents/GitHub/COMPS-W4152-Fall2023/dinnect/app/controllers/users_controller.rb": {
        "lines": [
          0,
          0,
          0,
          0,
          null,
          0,
          0,
          0,
          null,
          0,
          0,
          0,
          0,
          0,
          null,
          0,
          0,
          0,
          null,
          null,
          0,
          null,
          null,
          0,
          0,
          0,
          0
        ],
        "branches": {
        }
      }
    },
    "timestamp": 1698816716
  }
}
