{
  "Cucumber Features": {
    "coverage": {
      "/home/wjh0706/iter2/Dinnect/app/models/user.rb": {
        "lines": [
          1,
          null,
          1,
          1,
          1,
          null,
          null,
          1,
          1,
          1,
          null,
          null,
          1,
          1,
          null,
          null,
          1,
          30,
          null,
          null,
          1,
          0,
          null,
          null
        ]
      },
      "/home/wjh0706/iter2/Dinnect/app/models/application_record.rb": {
        "lines": [
          null,
          1,
          1,
          null
        ]
      },
      "/home/wjh0706/iter2/Dinnect/app/models/profile.rb": {
        "lines": [
          1,
          null,
          1,
          null,
          null,
          null,
          null,
          1,
          null,
          1,
          null,
          1,
          31,
          null,
          null
        ]
      },
      "/home/wjh0706/iter2/Dinnect/app/controllers/users_controller.rb": {
        "lines": [
          1,
          1,
          12,
          null,
          null,
          1,
          12,
          12,
          null,
          8,
          null,
          4,
          null,
          null,
          null,
          1,
          9,
          null,
          null,
          null,
          1,
          null,
          0,
          0,
          null,
          null,
          1,
          null,
          1,
          12,
          null,
          null
        ]
      },
      "/home/wjh0706/iter2/Dinnect/app/controllers/application_controller.rb": {
        "lines": [
          1,
          null,
          null,
          1,
          null,
          1,
          null,
          1,
          2,
          0,
          null,
          2,
          null,
          null,
          null,
          1,
          null,
          1,
          58,
          null,
          null,
          1,
          2,
          null,
          null,
          null
        ]
      },
      "/home/wjh0706/iter2/Dinnect/app/helpers/application_helper.rb": {
        "lines": [
          1,
          1,
          0,
          null,
          null,
          null,
          1,
          0,
          null,
          null
        ]
      },
      "/home/wjh0706/iter2/Dinnect/app/helpers/events_helper.rb": {
        "lines": [
          1,
          null
        ]
      },
      "/home/wjh0706/iter2/Dinnect/app/helpers/profiles_helper.rb": {
        "lines": [
          1,
          null
        ]
      },
      "/home/wjh0706/iter2/Dinnect/app/helpers/sessions_helper.rb": {
        "lines": [
          null,
          null,
          1,
          null,
          1,
          0,
          null,
          null,
          null,
          null,
          null,
          1,
          0,
          null,
          null
        ]
      },
      "/home/wjh0706/iter2/Dinnect/app/helpers/users_helper.rb": {
        "lines": [
          1,
          null
        ]
      },
      "/home/wjh0706/iter2/Dinnect/app/controllers/sessions_controller.rb": {
        "lines": [
          null,
          null,
          1,
          1,
          null,
          null,
          null,
          1,
          9,
          null,
          null,
          9,
          6,
          6,
          null,
          null,
          3,
          3,
          null,
          null,
          null,
          1,
          null,
          1,
          1,
          null,
          null,
          null,
          null,
          null,
          null,
          1,
          null,
          null,
          1,
          6,
          null,
          null,
          null,
          1,
          0,
          null,
          null,
          null,
          null,
          null
        ]
      },
      "/home/wjh0706/iter2/Dinnect/app/controllers/profiles_controller.rb": {
        "lines": [
          1,
          1,
          1,
          null,
          null,
          1,
          1,
          1,
          1,
          1,
          null,
          0,
          null,
          null,
          1,
          0,
          null,
          null,
          null,
          0,
          null,
          null,
          1,
          null,
          1,
          1,
          null,
          null
        ]
      },
      "/home/wjh0706/iter2/Dinnect/app/controllers/events_controller.rb": {
        "lines": [
          0,
          0,
          0,
          0,
          0
        ],
        "branches": {
        }
      },
      "/home/wjh0706/iter2/Dinnect/app/models/event.rb": {
        "lines": [
          0,
          null,
          null,
          0,
          0,
          null,
          null,
          0,
          0,
          0,
          null,
          null,
          0,
          0
        ],
        "branches": {
        }
      },
      "/home/wjh0706/iter2/Dinnect/app/models/user_event.rb": {
        "lines": [
          0,
          null,
          0,
          0,
          null,
          null,
          0,
          null,
          null,
          0,
          0
        ],
        "branches": {
        }
      }
    },
    "timestamp": 1700101942
  },
  "RSpec": {
    "coverage": {
      "/home/wjh0706/iter2/Dinnect/app/helpers/application_helper.rb": {
        "lines": [
          1,
          1,
          4,
          null,
          null,
          null,
          1,
          0,
          null,
          null
        ]
      },
      "/home/wjh0706/iter2/Dinnect/app/helpers/events_helper.rb": {
        "lines": [
          1,
          null
        ]
      },
      "/home/wjh0706/iter2/Dinnect/app/helpers/profiles_helper.rb": {
        "lines": [
          1,
          null
        ]
      },
      "/home/wjh0706/iter2/Dinnect/app/helpers/sessions_helper.rb": {
        "lines": [
          null,
          null,
          1,
          null,
          1,
          3,
          null,
          null,
          null,
          null,
          null,
          1,
          2,
          null,
          null
        ]
      },
      "/home/wjh0706/iter2/Dinnect/app/helpers/users_helper.rb": {
        "lines": [
          1,
          null
        ]
      },
      "/home/wjh0706/iter2/Dinnect/app/models/user.rb": {
        "lines": [
          1,
          null,
          1,
          1,
          1,
          null,
          null,
          1,
          1,
          1,
          null,
          null,
          1,
          1,
          null,
          null,
          1,
          12,
          null,
          null,
          1,
          0,
          null,
          null
        ]
      },
      "/home/wjh0706/iter2/Dinnect/app/models/application_record.rb": {
        "lines": [
          null,
          1,
          1,
          null
        ]
      },
      "/home/wjh0706/iter2/Dinnect/app/controllers/sessions_controller.rb": {
        "lines": [
          null,
          null,
          1,
          1,
          null,
          null,
          null,
          1,
          8,
          null,
          null,
          8,
          2,
          2,
          null,
          null,
          6,
          6,
          null,
          null,
          null,
          1,
          null,
          4,
          4,
          null,
          null,
          null,
          null,
          null,
          null,
          1,
          null,
          null,
          1,
          2,
          null,
          null,
          null,
          1,
          0,
          null,
          null,
          null,
          null,
          null
        ]
      },
      "/home/wjh0706/iter2/Dinnect/app/controllers/application_controller.rb": {
        "lines": [
          1,
          null,
          null,
          1,
          null,
          1,
          null,
          1,
          0,
          0,
          null,
          0,
          null,
          null,
          null,
          1,
          null,
          1,
          17,
          null,
          null,
          1,
          0,
          null,
          null,
          null
        ]
      },
      "/home/wjh0706/iter2/Dinnect/app/models/profile.rb": {
        "lines": [
          1,
          null,
          1,
          null,
          null,
          null,
          null,
          1,
          null,
          1,
          null,
          1,
          12,
          null,
          null
        ]
      },
      "/home/wjh0706/iter2/Dinnect/app/controllers/users_controller.rb": {
        "lines": [
          1,
          1,
          2,
          null,
          null,
          1,
          6,
          6,
          null,
          3,
          null,
          3,
          null,
          null,
          null,
          1,
          2,
          null,
          null,
          null,
          1,
          null,
          0,
          0,
          null,
          null,
          1,
          null,
          1,
          6,
          null,
          null
        ]
      },
      "/home/wjh0706/iter2/Dinnect/app/controllers/events_controller.rb": {
        "lines": [
          1,
          1,
          1,
          null,
          null
        ]
      },
      "/home/wjh0706/iter2/Dinnect/app/models/event.rb": {
        "lines": [
          1,
          null,
          null,
          1,
          1,
          null,
          null,
          1,
          1,
          1,
          null,
          null,
          1,
          null
        ]
      },
      "/home/wjh0706/iter2/Dinnect/app/controllers/profiles_controller.rb": {
        "lines": [
          0,
          0,
          0,
          0,
          null,
          0,
          0,
          0,
          0,
          0,
          0,
          0,
          0,
          0,
          0,
          0,
          null,
          0,
          null,
          0,
          0,
          0,
          0,
          null,
          0,
          0,
          0,
          0
        ],
        "branches": {
        }
      },
      "/home/wjh0706/iter2/Dinnect/app/models/user_event.rb": {
        "lines": [
          0,
          null,
          0,
          0,
          null,
          null,
          0,
          null,
          null,
          0,
          0
        ],
        "branches": {
        }
      }
    },
    "timestamp": 1700101950
  }
}
