{
  "Cucumber Features": {
    "coverage": {
      "/Users/rickyruan/Desktop/Columbia/Courses/COMPS-4152/COMPS-W4152-Fall2023/app/models/user.rb": {
        "lines": [
          1,
          null,
          1,
          1,
          1,
          null,
          null,
          1,
          1,
          1,
          null,
          null,
          1,
          1,
          null,
          1,
          0,
          null,
          null,
          1,
          0,
          null,
          null,
          1,
          15,
          null,
          null,
          1,
          0,
          null,
          null
        ]
      },
      "/Users/rickyruan/Desktop/Columbia/Courses/COMPS-4152/COMPS-W4152-Fall2023/app/models/application_record.rb": {
        "lines": [
          null,
          1,
          1,
          null
        ]
      },
      "/Users/rickyruan/Desktop/Columbia/Courses/COMPS-4152/COMPS-W4152-Fall2023/app/models/profile.rb": {
        "lines": [
          1,
          null,
          1,
          null,
          null,
          null,
          null,
          1,
          null,
          1,
          null,
          1,
          15,
          null,
          null
        ]
      },
      "/Users/rickyruan/Desktop/Columbia/Courses/COMPS-4152/COMPS-W4152-Fall2023/app/controllers/sessions_controller.rb": {
        "lines": [
          null,
          null,
          1,
          1,
          null,
          null,
          null,
          1,
          7,
          null,
          null,
          7,
          7,
          7,
          null,
          0,
          0,
          null,
          null,
          null,
          1,
          null,
          0,
          0,
          null,
          null,
          null,
          null,
          null,
          null,
          1,
          null,
          null,
          1,
          7,
          null,
          null,
          null,
          null,
          null,
          null,
          null,
          null,
          null,
          null
        ]
      },
      "/Users/rickyruan/Desktop/Columbia/Courses/COMPS-4152/COMPS-W4152-Fall2023/app/controllers/application_controller.rb": {
        "lines": [
          1,
          null,
          null,
          1,
          null,
          1,
          null,
          1,
          0,
          0,
          null,
          0,
          null,
          null,
          null,
          1,
          null,
          1,
          105,
          null,
          null,
          1,
          0,
          null,
          null,
          null,
          1,
          17,
          0,
          0,
          null,
          null,
          null,
          null
        ]
      },
      "/Users/rickyruan/Desktop/Columbia/Courses/COMPS-4152/COMPS-W4152-Fall2023/app/helpers/application_helper.rb": {
        "lines": [
          1,
          null,
          null,
          null,
          null,
          null,
          null,
          null,
          null,
          null
        ]
      },
      "/Users/rickyruan/Desktop/Columbia/Courses/COMPS-4152/COMPS-W4152-Fall2023/app/helpers/events_helper.rb": {
        "lines": [
          1,
          null
        ]
      },
      "/Users/rickyruan/Desktop/Columbia/Courses/COMPS-4152/COMPS-W4152-Fall2023/app/helpers/profiles_helper.rb": {
        "lines": [
          1,
          null
        ]
      },
      "/Users/rickyruan/Desktop/Columbia/Courses/COMPS-4152/COMPS-W4152-Fall2023/app/helpers/sessions_helper.rb": {
        "lines": [
          null,
          null,
          1,
          null,
          null,
          null,
          null,
          null,
          null,
          null,
          null,
          null,
          null,
          null,
          null
        ]
      },
      "/Users/rickyruan/Desktop/Columbia/Courses/COMPS-4152/COMPS-W4152-Fall2023/app/helpers/users_helper.rb": {
        "lines": [
          1,
          null
        ]
      },
      "/Users/rickyruan/Desktop/Columbia/Courses/COMPS-4152/COMPS-W4152-Fall2023/app/controllers/users_controller.rb": {
        "lines": [
          1,
          null,
          1,
          18,
          null,
          null,
          1,
          0,
          null,
          null,
          1,
          0,
          0,
          null,
          0,
          0,
          null,
          0,
          null,
          null,
          null,
          1,
          null,
          8,
          null,
          null,
          null,
          null,
          null,
          null,
          null,
          null,
          8,
          0,
          0,
          null,
          8,
          null,
          null,
          null,
          null,
          1,
          null,
          9,
          null,
          9,
          null,
          null,
          null,
          null,
          1,
          null,
          1,
          0,
          null,
          null,
          1,
          17,
          0,
          0,
          null,
          null,
          null,
          1,
          8,
          0,
          0,
          null,
          null,
          null,
          null
        ]
      },
      "/Users/rickyruan/Desktop/Columbia/Courses/COMPS-4152/COMPS-W4152-Fall2023/app/models/user_event.rb": {
        "lines": [
          1,
          null,
          1,
          1,
          null,
          null,
          1,
          null,
          null,
          1,
          null
        ]
      },
      "/Users/rickyruan/Desktop/Columbia/Courses/COMPS-4152/COMPS-W4152-Fall2023/app/models/event.rb": {
        "lines": [
          1,
          null,
          null,
          1,
          1,
          null,
          null,
          1,
          1,
          1,
          null,
          1,
          0,
          null,
          null,
          1,
          null
        ]
      },
      "/Users/rickyruan/Desktop/Columbia/Courses/COMPS-4152/COMPS-W4152-Fall2023/app/controllers/events_controller.rb": {
        "lines": [
          1,
          null,
          1,
          2,
          2,
          null,
          null,
          1,
          0,
          0,
          0,
          null,
          null,
          1,
          0,
          0,
          null,
          0,
          0,
          0,
          0,
          null,
          0,
          null,
          null,
          0,
          null,
          null,
          null,
          1,
          3,
          null,
          null,
          1,
          0,
          null,
          null,
          1,
          3,
          3,
          3,
          null,
          null,
          null,
          null,
          null,
          3,
          0,
          null,
          3,
          null,
          null,
          null,
          1,
          0,
          null,
          0,
          0,
          null,
          0,
          null,
          null,
          null,
          1,
          0,
          0,
          0,
          null,
          null,
          null,
          null,
          null,
          0,
          0,
          null,
          0,
          null,
          null,
          null,
          1,
          0,
          0,
          null,
          0,
          null,
          null,
          1,
          0,
          0,
          null,
          0,
          null,
          null,
          1,
          null,
          1,
          3,
          null,
          null
        ]
      },
      "/Users/rickyruan/Desktop/Columbia/Courses/COMPS-4152/COMPS-W4152-Fall2023/app/controllers/profiles_controller.rb": {
        "lines": [
          0,
          null,
          0,
          null,
          0,
          0,
          null,
          0,
          null,
          0,
          0,
          0,
          0,
          0,
          0,
          null,
          0,
          0,
          0,
          0,
          0,
          0,
          0,
          0,
          0,
          null,
          0,
          0,
          null,
          0,
          0,
          0,
          0,
          0,
          0,
          0,
          null,
          0,
          null,
          0,
          null,
          0,
          null,
          0,
          0,
          0,
          null,
          0,
          0,
          0,
          null,
          null,
          null,
          null,
          null,
          null,
          null,
          null,
          null,
          0,
          null,
          0,
          0,
          0,
          null,
          0,
          0,
          0,
          0
        ],
        "branches": {
        }
      }
    },
    "timestamp": 1702622512
  },
  "RSpec": {
    "coverage": {
      "/Users/liaoruoxing/Documents/GitHub/COMPS-W4152-Fall2023/app/helpers/application_helper.rb": {
        "lines": [
          1,
          null,
          null,
          null,
          null,
          null,
          null,
          null,
          null,
          null
        ]
      },
      "/Users/liaoruoxing/Documents/GitHub/COMPS-W4152-Fall2023/app/helpers/events_helper.rb": {
        "lines": [
          1,
          null
        ]
      },
      "/Users/liaoruoxing/Documents/GitHub/COMPS-W4152-Fall2023/app/helpers/profiles_helper.rb": {
        "lines": [
          1,
          null
        ]
      },
      "/Users/liaoruoxing/Documents/GitHub/COMPS-W4152-Fall2023/app/helpers/sessions_helper.rb": {
        "lines": [
          null,
          null,
          1,
          null,
          null,
          null,
          null,
          null,
          null,
          null,
          null,
          null,
          null,
          null,
          null
        ]
      },
      "/Users/liaoruoxing/Documents/GitHub/COMPS-W4152-Fall2023/app/helpers/users_helper.rb": {
        "lines": [
          1,
          null
        ]
      },
      "/Users/liaoruoxing/Documents/GitHub/COMPS-W4152-Fall2023/app/models/event.rb": {
        "lines": [
          1,
          null,
          null,
          1,
          1,
          null,
          null,
          1,
          1,
          1,
          null,
          1,
          6,
          null,
          null,
          1,
          null
        ]
      },
      "/Users/liaoruoxing/Documents/GitHub/COMPS-W4152-Fall2023/app/models/application_record.rb": {
        "lines": [
          null,
          1,
          1,
          null
        ]
      },
      "/Users/liaoruoxing/Documents/GitHub/COMPS-W4152-Fall2023/app/models/user_event.rb": {
        "lines": [
          1,
          null,
          1,
          1,
          null,
          null,
          1,
          null,
          null,
          1,
          null
        ]
      },
      "/Users/liaoruoxing/Documents/GitHub/COMPS-W4152-Fall2023/app/models/user.rb": {
        "lines": [
          1,
          null,
          1,
          1,
          1,
          null,
          null,
          1,
          1,
          1,
          null,
          null,
          1,
          1,
          null,
          1,
          6,
          null,
          null,
          1,
          6,
          null,
          null,
          1,
          62,
          null,
          null,
          1,
          0,
          null,
          null
        ]
      },
      "/Users/liaoruoxing/Documents/GitHub/COMPS-W4152-Fall2023/app/models/profile.rb": {
        "lines": [
          1,
          null,
          1,
          null,
          null,
          null,
          null,
          1,
          null,
          1,
          null,
          1,
          73,
          null,
          null
        ]
      },
      "/Users/liaoruoxing/Documents/GitHub/COMPS-W4152-Fall2023/app/controllers/sessions_controller.rb": {
        "lines": [
          null,
          null,
          1,
          1,
          null,
          null,
          null,
          1,
          47,
          null,
          null,
          47,
          43,
          43,
          null,
          4,
          4,
          null,
          null,
          null,
          1,
          null,
          3,
          3,
          null,
          null,
          null,
          null,
          null,
          null,
          1,
          null,
          null,
          1,
          43,
          null,
          null,
          null,
          null,
          null,
          null,
          null,
          null,
          null,
          null
        ]
      },
      "/Users/liaoruoxing/Documents/GitHub/COMPS-W4152-Fall2023/app/controllers/application_controller.rb": {
        "lines": [
          1,
          null,
          null,
          1,
          null,
          1,
          null,
          1,
          0,
          0,
          null,
          0,
          null,
          null,
          null,
          1,
          null,
          1,
          103,
          null,
          null,
          1,
          0,
          null,
          null,
          null,
          1,
          19,
          10,
          10,
          null,
          null,
          null,
          null
        ]
      },
      "/Users/liaoruoxing/Documents/GitHub/COMPS-W4152-Fall2023/app/controllers/events_controller.rb": {
        "lines": [
          1,
          null,
          1,
          2,
          2,
          null,
          null,
          1,
          2,
          2,
          2,
          null,
          null,
          1,
          2,
          2,
          null,
          2,
          2,
          1,
          1,
          null,
          1,
          null,
          null,
          0,
          null,
          null,
          null,
          1,
          1,
          null,
          null,
          1,
          1,
          null,
          null,
          1,
          4,
          4,
          4,
          null,
          null,
          null,
          null,
          null,
          4,
          2,
          null,
          2,
          null,
          null,
          null,
          1,
          1,
          null,
          1,
          1,
          null,
          0,
          null,
          null,
          null,
          1,
          2,
          2,
          2,
          null,
          null,
          null,
          null,
          null,
          2,
          2,
          null,
          0,
          null,
          null,
          null,
          1,
          1,
          1,
          null,
          1,
          null,
          null,
          1,
          1,
          1,
          null,
          1,
          null,
          null,
          1,
          null,
          1,
          5,
          null,
          null
        ]
      },
      "/Users/liaoruoxing/Documents/GitHub/COMPS-W4152-Fall2023/app/controllers/profiles_controller.rb": {
        "lines": [
          1,
          null,
          11,
          null,
          1,
          1,
          null,
          1,
          null,
          2,
          1,
          null,
          1,
          null,
          null,
          null,
          1,
          2,
          2,
          2,
          null,
          0,
          null,
          null,
          1,
          null,
          0,
          null,
          null,
          1,
          1,
          1,
          null,
          0,
          null,
          null,
          null,
          1,
          null,
          null,
          null,
          1,
          null,
          1,
          6,
          null,
          null,
          1,
          0,
          null,
          null,
          null,
          null,
          null,
          null,
          null,
          null,
          null,
          null,
          1,
          null,
          1,
          2,
          null,
          null,
          1,
          3,
          null,
          null
        ]
      },
      "/Users/liaoruoxing/Documents/GitHub/COMPS-W4152-Fall2023/app/controllers/users_controller.rb": {
        "lines": [
          1,
          null,
          1,
          10,
          null,
          null,
          1,
          2,
          null,
          null,
          1,
          6,
          6,
          null,
          3,
          3,
          null,
          3,
          null,
          null,
          null,
          1,
          null,
          2,
          null,
          null,
          null,
          null,
          null,
          null,
          null,
          null,
          2,
          0,
          0,
          null,
          2,
          null,
          null,
          null,
          null,
          1,
          null,
          5,
          null,
          5,
          null,
          null,
          null,
          null,
          1,
          null,
          1,
          6,
          null,
          null,
          1,
          12,
          3,
          3,
          null,
          null,
          null,
          1,
          2,
          0,
          0,
          null,
          null,
          null,
          null
        ]
      }
    },
    "timestamp": 1702856493
  }
}
